<component name="libraryTable">
  <library name="junit-platform-engine-1.8.1">
    <CLASSES>
      <root url="jar://$MAVEN_REPOSITORY$/org/junit/platform/junit-platform-engine/1.8.1/junit-platform-engine-1.8.1.jar!/" />
    </CLASSES>
    <JAVADOC />
    <SOURCES />
  </library>
</component>